[08:08:47] [Server thread/INFO]: Starting minecraft server version 1.8.8
[08:08:47] [Server thread/WARN]: To start the server with more ram, launch it as "java -Xmx1024M -Xms1024M -jar minecraft_server.jar"
[08:08:47] [Server thread/INFO]: Loading properties
[08:08:47] [Server thread/INFO]: You need to agree to the EULA in order to run the server. Go to eula.txt for more info.
[08:08:47] [Server console handler/ERROR]: Exception handling console input
java.io.IOException: The handle is invalid
	at java.io.FileInputStream.readBytes(Native Method) ~[?:1.8.0_321]
	at java.io.FileInputStream.read(Unknown Source) ~[?:1.8.0_321]
	at java.io.BufferedInputStream.fill(Unknown Source) ~[?:1.8.0_321]
	at java.io.BufferedInputStream.read(Unknown Source) ~[?:1.8.0_321]
	at org.bukkit.craftbukkit.libs.jline.internal.NonBlockingInputStream.read(NonBlockingInputStream.java:248) ~[spigot-1.8.8.jar.jar:git-Spigot-db6de12-18fbb24]
	at org.bukkit.craftbukkit.libs.jline.internal.InputStreamReader.read(InputStreamReader.java:261) ~[spigot-1.8.8.jar.jar:git-Spigot-db6de12-18fbb24]
	at org.bukkit.craftbukkit.libs.jline.internal.InputStreamReader.read(InputStreamReader.java:198) ~[spigot-1.8.8.jar.jar:git-Spigot-db6de12-18fbb24]
	at org.bukkit.craftbukkit.libs.jline.console.ConsoleReader.readCharacter(ConsoleReader.java:2145) ~[spigot-1.8.8.jar.jar:git-Spigot-db6de12-18fbb24]
	at org.bukkit.craftbukkit.libs.jline.console.ConsoleReader.readLineSimple(ConsoleReader.java:3183) ~[spigot-1.8.8.jar.jar:git-Spigot-db6de12-18fbb24]
	at org.bukkit.craftbukkit.libs.jline.console.ConsoleReader.readLine(ConsoleReader.java:2333) ~[spigot-1.8.8.jar.jar:git-Spigot-db6de12-18fbb24]
	at org.bukkit.craftbukkit.libs.jline.console.ConsoleReader.readLine(ConsoleReader.java:2269) ~[spigot-1.8.8.jar.jar:git-Spigot-db6de12-18fbb24]
	at org.bukkit.craftbukkit.libs.jline.console.ConsoleReader.readLine(ConsoleReader.java:2257) ~[spigot-1.8.8.jar.jar:git-Spigot-db6de12-18fbb24]
	at net.minecraft.server.v1_8_R3.DedicatedServer$2.run(DedicatedServer.java:81) [spigot-1.8.8.jar.jar:git-Spigot-db6de12-18fbb24]
[08:08:47] [Server thread/INFO]: Stopping server
